  main.cpp
c:\users\0\documents\visual studio 2012\projects\sfml prototype\consoleapplication2\view.h(20): warning C4244: аргумент: преобразование "double" в "float", возможна потеря данных
c:\users\0\documents\visual studio 2012\projects\sfml prototype\consoleapplication2\view.h(24): warning C4244: аргумент: преобразование "double" в "float", возможна потеря данных
c:\users\0\documents\visual studio 2012\projects\sfml prototype\consoleapplication2\view.h(28): warning C4244: аргумент: преобразование "double" в "float", возможна потеря данных
c:\users\0\documents\visual studio 2012\projects\sfml prototype\consoleapplication2\view.h(32): warning C4244: аргумент: преобразование "double" в "float", возможна потеря данных
c:\users\0\documents\visual studio 2012\projects\sfml prototype\consoleapplication2\level.h(60): warning C4244: return: преобразование "double" в "float", возможна потеря данных
c:\users\0\documents\visual studio 2012\projects\sfml prototype\consoleapplication2\level.h(144): warning C4244: инициализация: преобразование "double" в "float", возможна потеря данных
c:\users\0\documents\visual studio 2012\projects\sfml prototype\consoleapplication2\level.h(145): warning C4244: =: преобразование "float" в "int", возможна потеря данных
c:\users\0\documents\visual studio 2012\projects\sfml prototype\consoleapplication2\level.h(185): warning C4244: аргумент: преобразование "int" в "float", возможна потеря данных
c:\users\0\documents\visual studio 2012\projects\sfml prototype\consoleapplication2\level.h(242): warning C4244: аргумент: преобразование "int" в "float", возможна потеря данных
c:\users\0\documents\visual studio 2012\projects\sfml prototype\consoleapplication2\level.h(263): warning C4244: =: преобразование "int" в "float", возможна потеря данных
c:\users\0\documents\visual studio 2012\projects\sfml prototype\consoleapplication2\level.h(264): warning C4244: =: преобразование "int" в "float", возможна потеря данных
c:\users\0\documents\visual studio 2012\projects\sfml prototype\consoleapplication2\level.h(265): warning C4244: =: преобразование "int" в "float", возможна потеря данных
c:\users\0\documents\visual studio 2012\projects\sfml prototype\consoleapplication2\level.h(266): warning C4244: =: преобразование "int" в "float", возможна потеря данных
c:\users\0\documents\visual studio 2012\projects\sfml prototype\consoleapplication2\level.h(309): warning C4018: <: несоответствие типов со знаком и без знака
c:\users\0\documents\visual studio 2012\projects\sfml prototype\consoleapplication2\level.h(318): warning C4018: <: несоответствие типов со знаком и без знака
c:\users\0\documents\visual studio 2012\projects\sfml prototype\consoleapplication2\level.h(340): warning C4018: <: несоответствие типов со знаком и без знака
c:\users\0\documents\visual studio 2012\projects\sfml prototype\consoleapplication2\level.h(341): warning C4018: <: несоответствие типов со знаком и без знака
c:\users\0\documents\visual studio 2012\projects\sfml prototype\consoleapplication2\main.cpp(36): warning C4244: аргумент: преобразование "int" в "float", возможна потеря данных
c:\users\0\documents\visual studio 2012\projects\sfml prototype\consoleapplication2\main.cpp(40): warning C4244: аргумент: преобразование "int" в "float", возможна потеря данных
c:\users\0\documents\visual studio 2012\projects\sfml prototype\consoleapplication2\main.cpp(46): warning C4244: аргумент: преобразование "time_t" в "unsigned int", возможна потеря данных
c:\users\0\documents\visual studio 2012\projects\sfml prototype\consoleapplication2\main.cpp(74): warning C4551: в вызове функции отсутствует список аргументов
c:\users\0\documents\visual studio 2012\projects\sfml prototype\consoleapplication2\main.cpp(76): warning C4305: =: усечение из "double" к "float"
c:\users\0\documents\visual studio 2012\projects\sfml prototype\consoleapplication2\main.cpp(79): warning C4305: =: усечение из "double" к "float"
c:\users\0\documents\visual studio 2012\projects\sfml prototype\consoleapplication2\main.cpp(83): warning C4305: =: усечение из "double" к "float"
c:\users\0\documents\visual studio 2012\projects\sfml prototype\consoleapplication2\main.cpp(97): warning C4018: <: несоответствие типов со знаком и без знака
c:\users\0\documents\visual studio 2012\projects\sfml prototype\consoleapplication2\main.cpp(117): warning C4018: <: несоответствие типов со знаком и без знака
c:\users\0\documents\visual studio 2012\projects\sfml prototype\consoleapplication2\main.cpp(137): warning C4018: <: несоответствие типов со знаком и без знака
c:\users\0\documents\visual studio 2012\projects\sfml prototype\consoleapplication2\main.cpp(184): warning C4305: =: усечение из "double" к "float"
c:\users\0\documents\visual studio 2012\projects\sfml prototype\consoleapplication2\main.cpp(190): warning C4018: <: несоответствие типов со знаком и без знака
c:\users\0\documents\visual studio 2012\projects\sfml prototype\consoleapplication2\main.cpp(196): warning C4305: =: усечение из "double" к "float"
c:\users\0\documents\visual studio 2012\projects\sfml prototype\consoleapplication2\main.cpp(197): warning C4305: =: усечение из "double" к "float"
c:\users\0\documents\visual studio 2012\projects\sfml prototype\consoleapplication2\main.cpp(239): warning C4018: <: несоответствие типов со знаком и без знака
c:\users\0\documents\visual studio 2012\projects\sfml prototype\consoleapplication2\main.cpp(259): warning C4244: инициализация: преобразование "sf::Int64" в "float", возможна потеря данных
c:\users\0\documents\visual studio 2012\projects\sfml prototype\consoleapplication2\main.cpp(294): warning C4244: +=: преобразование "double" в "float", возможна потеря данных
c:\users\0\documents\visual studio 2012\projects\sfml prototype\consoleapplication2\main.cpp(298): warning C4244: -=: преобразование "double" в "float", возможна потеря данных
c:\users\0\documents\visual studio 2012\projects\sfml prototype\consoleapplication2\main.cpp(303): warning C4244: +=: преобразование "double" в "float", возможна потеря данных
c:\users\0\documents\visual studio 2012\projects\sfml prototype\consoleapplication2\main.cpp(307): warning C4244: -=: преобразование "double" в "float", возможна потеря данных
c:\users\0\documents\visual studio 2012\projects\sfml prototype\consoleapplication2\level.h(312): warning C4715: Level::GetObject: значение возвращается не при всех путях выполнения
  tinyxmlparser.cpp
  tinyxmlerror.cpp
  tinyxml.cpp
  tinystr.cpp
  Создание кода...
  ConsoleApplication2.vcxproj -> C:\Users\0\documents\visual studio 2012\Projects\Game\Debug\Game 1.exe
