C:\USERS\0\DOCUMENTS\VISUAL STUDIO 2012\PROJECTS\SFML PROTOTYPE\CONSOLEAPPLICATION2\DEBUG\MAIN.OBJ
C:\USERS\0\DOCUMENTS\VISUAL STUDIO 2012\PROJECTS\SFML PROTOTYPE\CONSOLEAPPLICATION2\DEBUG\VC110.PDB
C:\USERS\0\DOCUMENTS\VISUAL STUDIO 2012\PROJECTS\SFML PROTOTYPE\CONSOLEAPPLICATION2\DEBUG\TINYSTR.OBJ
C:\USERS\0\DOCUMENTS\VISUAL STUDIO 2012\PROJECTS\SFML PROTOTYPE\CONSOLEAPPLICATION2\DEBUG\TINYXML.OBJ
C:\USERS\0\DOCUMENTS\VISUAL STUDIO 2012\PROJECTS\SFML PROTOTYPE\CONSOLEAPPLICATION2\DEBUG\TINYXMLERROR.OBJ
C:\USERS\0\DOCUMENTS\VISUAL STUDIO 2012\PROJECTS\SFML PROTOTYPE\CONSOLEAPPLICATION2\DEBUG\TINYXMLPARSER.OBJ
C:\USERS\0\DOCUMENTS\VISUAL STUDIO 2012\PROJECTS\GAME\DEBUG\GAME 1.ILK
C:\USERS\0\DOCUMENTS\VISUAL STUDIO 2012\PROJECTS\GAME\DEBUG\GAME 1.EXE
C:\USERS\0\DOCUMENTS\VISUAL STUDIO 2012\PROJECTS\GAME\DEBUG\GAME 1.PDB
C:\Users\0\Documents\Visual Studio 2012\Projects\SFML Prototype\ConsoleApplication2\Debug\main.obj
C:\Users\0\Documents\Visual Studio 2012\Projects\SFML Prototype\ConsoleApplication2\Debug\tinystr.obj
C:\Users\0\Documents\Visual Studio 2012\Projects\SFML Prototype\ConsoleApplication2\Debug\tinyxml.obj
C:\Users\0\Documents\Visual Studio 2012\Projects\SFML Prototype\ConsoleApplication2\Debug\tinyxmlerror.obj
C:\Users\0\Documents\Visual Studio 2012\Projects\SFML Prototype\ConsoleApplication2\Debug\tinyxmlparser.obj
C:\Users\0\Documents\Visual Studio 2012\Projects\SFML Prototype\ConsoleApplication2\Debug\cl.command.1.tlog
C:\Users\0\Documents\Visual Studio 2012\Projects\SFML Prototype\ConsoleApplication2\Debug\CL.read.1.tlog
C:\Users\0\Documents\Visual Studio 2012\Projects\SFML Prototype\ConsoleApplication2\Debug\CL.write.1.tlog
C:\Users\0\Documents\Visual Studio 2012\Projects\SFML Prototype\ConsoleApplication2\Debug\link-cvtres.read.1.tlog
C:\Users\0\Documents\Visual Studio 2012\Projects\SFML Prototype\ConsoleApplication2\Debug\link-cvtres.write.1.tlog
C:\Users\0\Documents\Visual Studio 2012\Projects\SFML Prototype\ConsoleApplication2\Debug\link-rc.read.1.tlog
C:\Users\0\Documents\Visual Studio 2012\Projects\SFML Prototype\ConsoleApplication2\Debug\link-rc.write.1.tlog
C:\Users\0\Documents\Visual Studio 2012\Projects\SFML Prototype\ConsoleApplication2\Debug\link.command.1.tlog
C:\Users\0\Documents\Visual Studio 2012\Projects\SFML Prototype\ConsoleApplication2\Debug\link.read.1.tlog
C:\Users\0\Documents\Visual Studio 2012\Projects\SFML Prototype\ConsoleApplication2\Debug\link.write.1.tlog
C:\Users\0\Documents\Visual Studio 2012\Projects\SFML Prototype\ConsoleApplication2\Debug\vc110.idb
C:\Users\0\Documents\Visual Studio 2012\Projects\SFML Prototype\ConsoleApplication2\Debug\vc110.pdb
C:\Users\0\Documents\Visual Studio 2012\Projects\Game\Debug\Game 1.pdb
C:\Users\0\Documents\Visual Studio 2012\Projects\Game\Debug\Game 1.exe
C:\Users\0\Documents\Visual Studio 2012\Projects\Game\Debug\Game 1.ilk
