C:\USERS\0\DOCUMENTS\VISUAL STUDIO 2012\PROJECTS\GAME\TANKBATTLE\DEBUG\MAIN.CPP.NATIVECODEANALYSIS.XML
C:\USERS\0\DOCUMENTS\VISUAL STUDIO 2012\PROJECTS\GAME\TANKBATTLE\DEBUG\VC110.PDB
C:\USERS\0\DOCUMENTS\VISUAL STUDIO 2012\PROJECTS\GAME\TANKBATTLE\DEBUG\MAIN.OBJ
C:\USERS\0\DOCUMENTS\VISUAL STUDIO 2012\PROJECTS\GAME\TANKBATTLE\DEBUG\PLAY.CPP.NATIVECODEANALYSIS.XML
C:\USERS\0\DOCUMENTS\VISUAL STUDIO 2012\PROJECTS\GAME\TANKBATTLE\DEBUG\PLAY.OBJ
C:\USERS\0\DOCUMENTS\VISUAL STUDIO 2012\PROJECTS\GAME\TANKBATTLE\DEBUG\UNIT.CPP.NATIVECODEANALYSIS.XML
C:\USERS\0\DOCUMENTS\VISUAL STUDIO 2012\PROJECTS\GAME\TANKBATTLE\DEBUG\UNIT.OBJ
C:\Users\0\documents\visual studio 2012\Projects\Game\TankBattle\Debug\main.obj
C:\Users\0\documents\visual studio 2012\Projects\Game\TankBattle\Debug\play.obj
C:\Users\0\documents\visual studio 2012\Projects\Game\TankBattle\Debug\cl.command.1.tlog
C:\Users\0\documents\visual studio 2012\Projects\Game\TankBattle\Debug\CL.read.1.tlog
C:\Users\0\documents\visual studio 2012\Projects\Game\TankBattle\Debug\CL.write.1.tlog
C:\Users\0\documents\visual studio 2012\Projects\Game\TankBattle\Debug\link-cvtres.read.1.tlog
C:\Users\0\documents\visual studio 2012\Projects\Game\TankBattle\Debug\link-cvtres.write.1.tlog
C:\Users\0\documents\visual studio 2012\Projects\Game\TankBattle\Debug\link-rc.read.1.tlog
C:\Users\0\documents\visual studio 2012\Projects\Game\TankBattle\Debug\link-rc.write.1.tlog
C:\Users\0\documents\visual studio 2012\Projects\Game\TankBattle\Debug\link.command.1.tlog
C:\Users\0\documents\visual studio 2012\Projects\Game\TankBattle\Debug\link.read.1.tlog
C:\Users\0\documents\visual studio 2012\Projects\Game\TankBattle\Debug\link.write.1.tlog
C:\Users\0\documents\visual studio 2012\Projects\Game\TankBattle\Debug\vc110.idb
C:\Users\0\documents\visual studio 2012\Projects\Game\TankBattle\Debug\vc110.pdb
C:\Users\0\documents\visual studio 2012\Projects\Game\TankBattle\Debug\main.cpp.nativecodeanalysis.xml
C:\Users\0\documents\visual studio 2012\Projects\Game\TankBattle\Debug\play.cpp.nativecodeanalysis.xml
C:\Users\0\documents\visual studio 2012\Projects\Game\TankBattle\Debug\Unit.cpp.nativecodeanalysis.xml
C:\Users\0\documents\visual studio 2012\Projects\Game\Debug\TankBattle.pdb
