d:\project\visual studio 2017\main_sfml\tankbattle\debug\vc141.pdb
d:\project\visual studio 2017\main_sfml\tankbattle\debug\vc141.idb
d:\project\visual studio 2017\main_sfml\tankbattle\debug\skinned_mesh.obj
d:\project\visual studio 2017\main_sfml\tankbattle\debug\skinning_technique.obj
d:\project\visual studio 2017\main_sfml\tankbattle\debug\technique.obj
d:\project\visual studio 2017\main_sfml\tankbattle\debug\util.obj
d:\project\visual studio 2017\main_sfml\tankbattle\debug\bullet.obj
d:\project\visual studio 2017\main_sfml\tankbattle\debug\enemy.obj
d:\project\visual studio 2017\main_sfml\tankbattle\debug\entity.obj
d:\project\visual studio 2017\main_sfml\tankbattle\debug\explosion.obj
d:\project\visual studio 2017\main_sfml\tankbattle\debug\level.obj
d:\project\visual studio 2017\main_sfml\tankbattle\debug\loadresources.obj
d:\project\visual studio 2017\main_sfml\tankbattle\debug\packet.obj
d:\project\visual studio 2017\main_sfml\tankbattle\debug\player.obj
d:\project\visual studio 2017\main_sfml\tankbattle\debug\receiveentity.obj
d:\project\visual studio 2017\main_sfml\tankbattle\debug\tinystr.obj
d:\project\visual studio 2017\main_sfml\tankbattle\debug\tinyxml.obj
d:\project\visual studio 2017\main_sfml\tankbattle\debug\tinyxmlerror.obj
d:\project\visual studio 2017\main_sfml\tankbattle\debug\tinyxmlparser.obj
d:\project\visual studio 2017\main_sfml\tankbattle\debug\track.obj
d:\project\visual studio 2017\main_sfml\tankbattle\debug\unit.obj
d:\project\visual studio 2017\main_sfml\tankbattle\debug\wall.obj
d:\project\visual studio 2017\main_sfml\tankbattle\debug\mainclient.obj
d:\project\visual studio 2017\main_sfml\tankbattle\debug\networkclient.obj
d:\project\visual studio 2017\main_sfml\tankbattle\debug\playclient.obj
d:\project\visual studio 2017\main_sfml\tankbattle\debug\camera.obj
d:\project\visual studio 2017\main_sfml\tankbattle\debug\lighting_technique.obj
d:\project\visual studio 2017\main_sfml\tankbattle\debug\maintutorial.obj
d:\project\visual studio 2017\main_sfml\tankbattle\debug\math_3d.obj
d:\project\visual studio 2017\main_sfml\tankbattle\debug\mesh.obj
d:\project\visual studio 2017\main_sfml\tankbattle\debug\pipeline.obj
d:\project\visual studio 2017\main_sfml\tankbattle\debug\objects.obj
d:\project\visual studio 2017\main_sfml\debug\client.exe
d:\project\visual studio 2017\main_sfml\debug\client.ilk
d:\project\visual studio 2017\main_sfml\debug\client.pdb
d:\project\visual studio 2017\main_sfml\tankbattle\debug\client.tlog\cl.command.1.tlog
d:\project\visual studio 2017\main_sfml\tankbattle\debug\client.tlog\cl.read.1.tlog
d:\project\visual studio 2017\main_sfml\tankbattle\debug\client.tlog\cl.write.1.tlog
d:\project\visual studio 2017\main_sfml\tankbattle\debug\client.tlog\link.command.1.tlog
d:\project\visual studio 2017\main_sfml\tankbattle\debug\client.tlog\link.read.1.tlog
d:\project\visual studio 2017\main_sfml\tankbattle\debug\client.tlog\link.write.1.tlog
