d:\cloud mail.ru\project\asteroids\game\debug\vc141.pdb
d:\cloud mail.ru\project\asteroids\game\debug\vc141.idb
d:\cloud mail.ru\project\asteroids\game\debug\achivements.obj
d:\cloud mail.ru\project\asteroids\game\debug\main.obj
d:\cloud mail.ru\project\asteroids\game\debug\playclient.obj
d:\cloud mail.ru\project\asteroids\game\debug\camera.obj
d:\cloud mail.ru\project\asteroids\game\debug\lighting_technique.obj
d:\cloud mail.ru\project\asteroids\game\debug\math_3d.obj
d:\cloud mail.ru\project\asteroids\game\debug\mesh.obj
d:\cloud mail.ru\project\asteroids\game\debug\pipeline.obj
d:\cloud mail.ru\project\asteroids\game\debug\skinned_mesh.obj
d:\cloud mail.ru\project\asteroids\game\debug\skinning_technique.obj
d:\cloud mail.ru\project\asteroids\game\debug\technique.obj
d:\cloud mail.ru\project\asteroids\game\debug\util.obj
d:\cloud mail.ru\project\asteroids\game\debug\bullet.obj
d:\cloud mail.ru\project\asteroids\game\debug\enemy.obj
d:\cloud mail.ru\project\asteroids\game\debug\entity.obj
d:\cloud mail.ru\project\asteroids\game\debug\explosion.obj
d:\cloud mail.ru\project\asteroids\game\debug\loadresources.obj
d:\cloud mail.ru\project\asteroids\game\debug\objects.obj
d:\cloud mail.ru\project\asteroids\game\debug\player.obj
d:\cloud mail.ru\project\asteroids\game\debug\unit.obj
d:\cloud mail.ru\project\asteroids\debug\game.exe
d:\cloud mail.ru\project\asteroids\debug\game.ilk
d:\cloud mail.ru\project\asteroids\debug\game.pdb
d:\cloud mail.ru\project\asteroids\game\debug\game.tlog\cl.command.1.tlog
d:\cloud mail.ru\project\asteroids\game\debug\game.tlog\cl.read.1.tlog
d:\cloud mail.ru\project\asteroids\game\debug\game.tlog\cl.write.1.tlog
d:\cloud mail.ru\project\asteroids\game\debug\game.tlog\link.command.1.tlog
d:\cloud mail.ru\project\asteroids\game\debug\game.tlog\link.read.1.tlog
d:\cloud mail.ru\project\asteroids\game\debug\game.tlog\link.write.1.tlog
