d:\project\visual studio 2017\asteroids\game\release\vc141.pdb
d:\project\visual studio 2017\asteroids\game\release\unit.obj
d:\project\visual studio 2017\asteroids\game\release\player.obj
d:\project\visual studio 2017\asteroids\game\release\objects.obj
d:\project\visual studio 2017\asteroids\game\release\loadresources.obj
d:\project\visual studio 2017\asteroids\game\release\explosion.obj
d:\project\visual studio 2017\asteroids\game\release\entity.obj
d:\project\visual studio 2017\asteroids\game\release\enemy.obj
d:\project\visual studio 2017\asteroids\game\release\bullet.obj
d:\project\visual studio 2017\asteroids\game\release\util.obj
d:\project\visual studio 2017\asteroids\game\release\technique.obj
d:\project\visual studio 2017\asteroids\game\release\skinning_technique.obj
d:\project\visual studio 2017\asteroids\game\release\skinned_mesh.obj
d:\project\visual studio 2017\asteroids\game\release\pipeline.obj
d:\project\visual studio 2017\asteroids\game\release\mesh.obj
d:\project\visual studio 2017\asteroids\game\release\math_3d.obj
d:\project\visual studio 2017\asteroids\game\release\lighting_technique.obj
d:\project\visual studio 2017\asteroids\game\release\camera.obj
d:\project\visual studio 2017\asteroids\game\release\playclient.obj
d:\project\visual studio 2017\asteroids\game\release\main.obj
d:\project\visual studio 2017\asteroids\release\game.ipdb
d:\project\visual studio 2017\asteroids\release\game.iobj
d:\project\visual studio 2017\asteroids\release\game.exe
d:\project\visual studio 2017\asteroids\release\game.pdb
d:\project\visual studio 2017\asteroids\game\release\game.tlog\cl.command.1.tlog
d:\project\visual studio 2017\asteroids\game\release\game.tlog\cl.read.1.tlog
d:\project\visual studio 2017\asteroids\game\release\game.tlog\cl.write.1.tlog
d:\project\visual studio 2017\asteroids\game\release\game.tlog\game.write.1u.tlog
d:\project\visual studio 2017\asteroids\game\release\game.tlog\link.command.1.tlog
d:\project\visual studio 2017\asteroids\game\release\game.tlog\link.read.1.tlog
d:\project\visual studio 2017\asteroids\game\release\game.tlog\link.write.1.tlog
