Построение начато 19.09.2017 17:15:22.
     1>Проект "C:\Users\0\OneDrive\documents\visual studio 2012\Projects\Main_SFML\TankBattle\Client.vcxproj" в узле 2 (целевые объекты Build).
     1>ClCompile:
         E:\Програмы\VisualStudio\VC\bin\CL.exe /c /I"E:\SFML-2.4.2-windows-vc11-32-bit\SFML-2.4.2\include" /ZI /nologo /W3 /WX- /sdl /Od /Oy- /D SFML_DYMANIC /D WIN32 /D _DEBUG /D _CONSOLE /D _UNICODE /D UNICODE /Gm /EHsc /RTC1 /MDd /GS /fp:precise /Zc:wchar_t /Zc:forScope /Fo"Debug\\" /Fd"Debug\vc110.pdb" /Gd /TP /analyze- /errorReport:prompt networkClient.cpp
         networkClient.cpp
     1>c:\users\0\onedrive\documents\visual studio 2012\projects\main_sfml\tankbattle\src\handymathlib\func.h(531): warning C4554: >>: проверьте порядок применения операторов на наличие ошибки; для четкого задания порядка используйте скобки
     1>c:\users\0\onedrive\documents\visual studio 2012\projects\main_sfml\tankbattle\src\handymathlib\func.h(532): warning C4554: >>: проверьте порядок применения операторов на наличие ошибки; для четкого задания порядка используйте скобки
     1>c:\users\0\onedrive\documents\visual studio 2012\projects\main_sfml\tankbattle\src\handymathlib\quat.h(185): warning C4812: устаревший стиль объявления: используйте "Tmat3<T>::Tmat3" как альтернативу
       Link:
         E:\Програмы\VisualStudio\VC\bin\link.exe /ERRORREPORT:PROMPT /OUT:"C:\Users\0\onedrive\documents\visual studio 2012\Projects\Main_SFML\Debug\Client.exe" /INCREMENTAL /NOLOGO /LIBPATH:"E:\SFML-2.4.2-windows-vc11-32-bit\SFML-2.4.2\lib" "sfml-graphics-d.lib" "sfml-window-d.lib" "sfml-system-d.lib" "sfml-audio-d.lib" "sfml-network-d.lib" kernel32.lib user32.lib gdi32.lib winspool.lib comdlg32.lib advapi32.lib shell32.lib ole32.lib oleaut32.lib uuid.lib odbc32.lib odbccp32.lib /MANIFEST /MANIFESTUAC:"level='asInvoker' uiAccess='false'" /manifest:embed /DEBUG /PDB:"C:\Users\0\onedrive\documents\visual studio 2012\Projects\Main_SFML\Debug\Client.pdb" /SUBSYSTEM:CONSOLE /TLBID:1 /DYNAMICBASE /NXCOMPAT /IMPLIB:"C:\Users\0\onedrive\documents\visual studio 2012\Projects\Main_SFML\Debug\Client.lib" /MACHINE:X86 Debug\mainClient.obj
         Debug\networkClient.obj
         Debug\Bullet.obj
         Debug\Enemy.obj
         Debug\Entity.obj
         Debug\Explosion.obj
         Debug\level.obj
         Debug\LoadResources.obj
         Debug\Packet.obj
         Debug\Player.obj
         Debug\ReceiveEntity.obj
         Debug\tinystr.obj
         Debug\tinyxml.obj
         Debug\tinyxmlerror.obj
         Debug\tinyxmlparser.obj
         Debug\Track.obj
         Debug\Unit.obj
         Debug\Wall.obj
         Client.vcxproj -> C:\Users\0\onedrive\documents\visual studio 2012\Projects\Main_SFML\Debug\Client.exe
     1>Построение проекта "C:\Users\0\OneDrive\documents\visual studio 2012\Projects\Main_SFML\TankBattle\Client.vcxproj" завершено (целевые объекты Build).

Построение успешно завершено.

Затраченное время: 00:00:08.49
